INFO: [VRFC 10-2263] Analyzing Verilog file "C:/Users/opq20/LP_project/LP_project.gen/sources_1/ip/IPaddr/sim/IPaddr.v" into library xil_defaultlib
INFO: [VRFC 10-311] analyzing module IPaddr
INFO: [VRFC 10-2263] Analyzing Verilog file "C:/Users/opq20/LP_project/LP_project.gen/sources_1/ip/bmpstore/sim/bmpstore.v" into library xil_defaultlib
INFO: [VRFC 10-311] analyzing module bmpstore
INFO: [VRFC 10-2263] Analyzing Verilog file "C:/Users/opq20/LP_project/LP_project.gen/sources_1/ip/hashtable/sim/hashtable.v" into library xil_defaultlib
INFO: [VRFC 10-311] analyzing module hashtable
INFO: [VRFC 10-2263] Analyzing Verilog file "C:/Users/opq20/LP_project/LP_project.gen/sources_1/ip/blk_mem_gen_1/sim/blk_mem_gen_1.v" into library xil_defaultlib
INFO: [VRFC 10-311] analyzing module blk_mem_gen_1
INFO: [VRFC 10-2263] Analyzing Verilog file "C:/Users/opq20/LP_project/LP_project.srcs/sources_1/new/CRC.v" into library xil_defaultlib
INFO: [VRFC 10-311] analyzing module CRC
INFO: [VRFC 10-2263] Analyzing Verilog file "C:/Users/opq20/LP_project/LP_project.srcs/sources_1/new/Controller.v" into library xil_defaultlib
INFO: [VRFC 10-311] analyzing module Controller
INFO: [VRFC 10-2263] Analyzing Verilog file "C:/Users/opq20/LP_project/LP_project.srcs/sources_1/new/Display.v" into library xil_defaultlib
INFO: [VRFC 10-311] analyzing module Display
INFO: [VRFC 10-2263] Analyzing Verilog file "C:/Users/opq20/LP_project/LP_project.srcs/sources_1/new/IPAddr.v" into library xil_defaultlib
INFO: [VRFC 10-311] analyzing module IPAddr
INFO: [VRFC 10-2263] Analyzing Verilog file "C:/Users/opq20/LP_project/LP_project.srcs/sources_1/new/SearchBF.v" into library xil_defaultlib
INFO: [VRFC 10-311] analyzing module SearchBF
INFO: [VRFC 10-2263] Analyzing Verilog file "C:/Users/opq20/LP_project/LP_project.srcs/sources_1/new/SearchHT.v" into library xil_defaultlib
INFO: [VRFC 10-311] analyzing module SearchHT
INFO: [VRFC 10-2263] Analyzing Verilog file "C:/Users/opq20/LP_project/LP_project.srcs/sources_1/new/Topmodule.v" into library xil_defaultlib
INFO: [VRFC 10-311] analyzing module Topmodule
INFO: [VRFC 10-2263] Analyzing Verilog file "C:/Users/opq20/LP_project/LP_project.srcs/sim_1/new/Top_Tb.v" into library xil_defaultlib
INFO: [VRFC 10-311] analyzing module Top_Tb
