INFO: [VRFC 10-2263] Analyzing Verilog file "C:/Users/opq20/LP_project/LP_project.sim/sim_1/impl/timing/xsim/Top_Tb_time_impl.v" into library xil_defaultlib
INFO: [VRFC 10-311] analyzing module CRC
INFO: [VRFC 10-311] analyzing module Controller
INFO: [VRFC 10-311] analyzing module Display
INFO: [VRFC 10-311] analyzing module IPAddr
INFO: [VRFC 10-311] analyzing module IPaddr
INFO: [VRFC 10-311] analyzing module SearchHT
INFO: [VRFC 10-311] analyzing module Topmodule
INFO: [VRFC 10-311] analyzing module blk_mem_gen_1
INFO: [VRFC 10-311] analyzing module bmpstore
INFO: [VRFC 10-311] analyzing module hashtable
INFO: [VRFC 10-311] analyzing module IPaddr_blk_mem_gen_generic_cstr
INFO: [VRFC 10-311] analyzing module IPaddr_blk_mem_gen_prim_width
INFO: [VRFC 10-311] analyzing module IPaddr_blk_mem_gen_prim_wrapper_init
INFO: [VRFC 10-311] analyzing module IPaddr_blk_mem_gen_top
INFO: [VRFC 10-311] analyzing module IPaddr_blk_mem_gen_v8_4_6
INFO: [VRFC 10-311] analyzing module IPaddr_blk_mem_gen_v8_4_6_synth
INFO: [VRFC 10-311] analyzing module blk_mem_gen_1_blk_mem_gen_generic_cstr
INFO: [VRFC 10-311] analyzing module blk_mem_gen_1_blk_mem_gen_prim_width
INFO: [VRFC 10-311] analyzing module blk_mem_gen_1_blk_mem_gen_prim_wrapper
INFO: [VRFC 10-311] analyzing module blk_mem_gen_1_blk_mem_gen_top
INFO: [VRFC 10-311] analyzing module blk_mem_gen_1_blk_mem_gen_v8_4_6
INFO: [VRFC 10-311] analyzing module blk_mem_gen_1_blk_mem_gen_v8_4_6_synth
INFO: [VRFC 10-311] analyzing module bmpstore_blk_mem_gen_generic_cstr
INFO: [VRFC 10-311] analyzing module bmpstore_blk_mem_gen_prim_width
INFO: [VRFC 10-311] analyzing module bmpstore_blk_mem_gen_prim_wrapper
INFO: [VRFC 10-311] analyzing module bmpstore_blk_mem_gen_top
INFO: [VRFC 10-311] analyzing module bmpstore_blk_mem_gen_v8_4_6
INFO: [VRFC 10-311] analyzing module bmpstore_blk_mem_gen_v8_4_6_synth
INFO: [VRFC 10-311] analyzing module hashtable_bindec
INFO: [VRFC 10-311] analyzing module hashtable_blk_mem_gen_generic_cstr
INFO: [VRFC 10-311] analyzing module hashtable_blk_mem_gen_mux
INFO: [VRFC 10-311] analyzing module hashtable_blk_mem_gen_prim_width__parameterized14
INFO: [VRFC 10-311] analyzing module hashtable_blk_mem_gen_prim_width__parameterized79
INFO: [VRFC 10-311] analyzing module hashtable_blk_mem_gen_prim_width__parameterized80
INFO: [VRFC 10-311] analyzing module hashtable_blk_mem_gen_prim_width__parameterized81
INFO: [VRFC 10-311] analyzing module hashtable_blk_mem_gen_prim_width__parameterized82
INFO: [VRFC 10-311] analyzing module hashtable_blk_mem_gen_prim_width__parameterized83
INFO: [VRFC 10-311] analyzing module hashtable_blk_mem_gen_prim_width__parameterized84
INFO: [VRFC 10-311] analyzing module hashtable_blk_mem_gen_prim_width__parameterized85
INFO: [VRFC 10-311] analyzing module hashtable_blk_mem_gen_prim_width__parameterized86
INFO: [VRFC 10-311] analyzing module hashtable_blk_mem_gen_prim_width__parameterized87
INFO: [VRFC 10-311] analyzing module hashtable_blk_mem_gen_prim_width__parameterized88
INFO: [VRFC 10-311] analyzing module hashtable_blk_mem_gen_prim_width__parameterized89
INFO: [VRFC 10-311] analyzing module hashtable_blk_mem_gen_prim_width__parameterized90
INFO: [VRFC 10-311] analyzing module hashtable_blk_mem_gen_prim_width__parameterized91
INFO: [VRFC 10-311] analyzing module hashtable_blk_mem_gen_prim_width__parameterized92
INFO: [VRFC 10-311] analyzing module hashtable_blk_mem_gen_prim_width__parameterized93
INFO: [VRFC 10-311] analyzing module hashtable_blk_mem_gen_prim_width__parameterized94
INFO: [VRFC 10-311] analyzing module hashtable_blk_mem_gen_prim_wrapper_init__parameterized14
INFO: [VRFC 10-311] analyzing module hashtable_blk_mem_gen_prim_wrapper_init__parameterized79
INFO: [VRFC 10-311] analyzing module hashtable_blk_mem_gen_prim_wrapper_init__parameterized80
INFO: [VRFC 10-311] analyzing module hashtable_blk_mem_gen_prim_wrapper_init__parameterized81
INFO: [VRFC 10-311] analyzing module hashtable_blk_mem_gen_prim_wrapper_init__parameterized82
INFO: [VRFC 10-311] analyzing module hashtable_blk_mem_gen_prim_wrapper_init__parameterized83
INFO: [VRFC 10-311] analyzing module hashtable_blk_mem_gen_prim_wrapper_init__parameterized84
INFO: [VRFC 10-311] analyzing module hashtable_blk_mem_gen_prim_wrapper_init__parameterized85
INFO: [VRFC 10-311] analyzing module hashtable_blk_mem_gen_prim_wrapper_init__parameterized86
INFO: [VRFC 10-311] analyzing module hashtable_blk_mem_gen_prim_wrapper_init__parameterized87
INFO: [VRFC 10-311] analyzing module hashtable_blk_mem_gen_prim_wrapper_init__parameterized88
INFO: [VRFC 10-311] analyzing module hashtable_blk_mem_gen_prim_wrapper_init__parameterized89
INFO: [VRFC 10-311] analyzing module hashtable_blk_mem_gen_prim_wrapper_init__parameterized90
INFO: [VRFC 10-311] analyzing module hashtable_blk_mem_gen_prim_wrapper_init__parameterized91
INFO: [VRFC 10-311] analyzing module hashtable_blk_mem_gen_prim_wrapper_init__parameterized92
INFO: [VRFC 10-311] analyzing module hashtable_blk_mem_gen_prim_wrapper_init__parameterized93
INFO: [VRFC 10-311] analyzing module hashtable_blk_mem_gen_prim_wrapper_init__parameterized94
INFO: [VRFC 10-311] analyzing module hashtable_blk_mem_gen_top
INFO: [VRFC 10-311] analyzing module hashtable_blk_mem_gen_v8_4_6
INFO: [VRFC 10-311] analyzing module hashtable_blk_mem_gen_v8_4_6_synth
INFO: [VRFC 10-311] analyzing module glbl
INFO: [VRFC 10-2263] Analyzing Verilog file "C:/Users/opq20/LP_project/LP_project.srcs/sim_1/new/Top_Tb.v" into library xil_defaultlib
INFO: [VRFC 10-311] analyzing module Top_Tb
ERROR: [VRFC 10-3805] use of undefined macro 'BMP_LEN' [C:/Users/opq20/LP_project/LP_project.srcs/sim_1/new/Top_Tb.v:17]
ERROR: [VRFC 10-3805] use of undefined macro 'NodeSize' [C:/Users/opq20/LP_project/LP_project.srcs/sim_1/new/Top_Tb.v:18]
ERROR: [VRFC 10-3805] use of undefined macro 'PrefixLength' [C:/Users/opq20/LP_project/LP_project.srcs/sim_1/new/Top_Tb.v:20]
ERROR: [VRFC 10-8530] module 'Top_Tb' is ignored due to previous errors [C:/Users/opq20/LP_project/LP_project.srcs/sim_1/new/Top_Tb.v:3]
